Arguments: 
  C:\Program Files\nodejs\node.exe C:\Users\Lenovo\AppData\Roaming\npm\node_modules\yarn\bin\yarn.js add @mui/icons-material

PATH: 
  C:\Program Files\Common Files\Oracle\Java\javapath;C:\WINDOWS\system32;C:\WINDOWS;C:\WINDOWS\System32\Wbem;C:\WINDOWS\System32\WindowsPowerShell\v1.0\;C:\WINDOWS\System32\OpenSSH\;C:\MinGW\bin;C:\MinGW\bin\gcc.exe;C:\Program Files\nodejs\;C:\Program Files\Git\cmd;C:\Program Files\MongoDB\;C:\Program Files\php-8.1.12-nts-Win32-vs16-x64;C:\Program Files\Java\jdk-19\bin;C:\Program Files\Android\Android Studio\bin;C:\Users\Lenovo\AppData\Local\Programs\Python\Python310\Scripts\;C:\Users\Lenovo\AppData\Local\Programs\Python\Python310\;C:\Users\Lenovo\AppData\Local\Microsoft\WindowsApps;D:\MikTek\miktex\bin\x64\;C:\Users\Lenovo\AppData\Roaming\npm;C:\Users\Lenovo\AppData\Local\GitHubDesktop\bin;C:\MinGW\bin;C:\MinGW\bin\gcc.exe;C:\Program Files\MongoDB\Server\6.0\bin;;C:\Program Files\JetBrains\IntelliJ IDEA Community Edition 2022.3\bin;;C:\Users\Lenovo\AppData\Local\Programs\Microsoft VS Code\bin

Yarn version: 
  1.22.19

Node version: 
  16.14.2

Platform: 
  win32 x64

Trace: 
  Error: connect ECONNABORTED 104.16.23.35:443
      at TCPConnectWrap.afterConnect [as oncomplete] (node:net:1157:16)

npm manifest: 
  {
    "name": "my-app",
    "version": "0.1.0",
    "private": true,
    "dependencies": {
      "@testing-library/jest-dom": "^5.16.5",
      "@testing-library/react": "^13.4.0",
      "@testing-library/user-event": "^13.5.0",
      "react": "^18.2.0",
      "react-dom": "^18.2.0",
      "react-scripts": "^5.0.1",
      "web-vitals": "^2.1.4"
    },
    "scripts": {
      "start": "react-scripts start",
      "build": "react-scripts build",
      "test": "react-scripts test",
      "eject": "react-scripts eject"
    },
    "eslintConfig": {
      "extends": [
        "react-app",
        "react-app/jest"
      ]
    },
    "browserslist": {
      "production": [
        ">0.2%",
        "not dead",
        "not op_mini all"
      ],
      "development": [
        "last 1 chrome version",
        "last 1 firefox version",
        "last 1 safari version"
      ]
    }
  }

yarn manifest: 
  No manifest

Lockfile: 
  No lockfile
